{"numFailedTestSuites":0,"numFailedTests":0,"numPassedTestSuites":3,"numPassedTests":72,"numPendingTestSuites":0,"numPendingTests":0,"numRuntimeErrorTestSuites":0,"numTodoTests":0,"numTotalTestSuites":3,"numTotalTests":72,"openHandles":[],"snapshot":{"added":0,"didUpdate":false,"failure":false,"filesAdded":0,"filesRemoved":0,"filesRemovedList":[],"filesUnmatched":0,"filesUpdated":0,"matched":0,"total":0,"unchecked":0,"uncheckedKeysByFile":[],"unmatched":0,"updated":0},"startTime":1778074812534,"success":true,"testResults":[{"assertionResults":[{"ancestorTitles":["【5-1】边界值测试","登录参数边界"],"duration":14,"failing":false,"failureDetails":[],"failureMessages":[],"fullName":"【5-1】边界值测试 登录参数边界 空字符串 code → 400 参数校验错误","invocations":1,"location":null,"numPassingAsserts":1,"retryReasons":[],"startAt":1778074817173,"status":"passed","title":"空字符串 code → 400 参数校验错误"},{"ancestorTitles":["【5-1】边界值测试","登录参数边界"],"duration":1592,"failing":false,"failureDetails":[],"failureMessages":[],"fullName":"【5-1】边界值测试 登录参数边界 超长 code（500字符）→ 不崩溃，优雅拒绝","invocations":1,"location":null,"numPassingAsserts":2,"retryReasons":[],"startAt":1778074817187,"status":"passed","title":"超长 code（500字符）→ 不崩溃，优雅拒绝"},{"ancestorTitles":["【5-1】边界值测试","登录参数边界"],"duration":27,"failing":false,"failureDetails":[],"failureMessages":[],"fullName":"【5-1】边界值测试 登录参数边界 SQL 注入payload in nickname → 不注入，参数化处理","invocations":1,"location":null,"numPassingAsserts":8,"retryReasons":[],"startAt":1778074818780,"status":"passed","title":"SQL 注入payload in nickname → 不注入，参数化处理"},{"ancestorTitles":["【5-1】边界值测试","课程/订单参数边界"],"duration":4,"failing":false,"failureDetails":[],"failureMessages":[],"fullName":"【5-1】边界值测试 课程/订单参数边界 负数价格 → API 允许创建（无参数校验），测试记录此行为","invocations":1,"location":null,"numPassingAsserts":1,"retryReasons":[],"startAt":1778074818807,"status":"passed","title":"负数价格 → API 允许创建（无参数校验），测试记录此行为"},{"ancestorTitles":["【5-1】边界值测试","课程/订单参数边界"],"duration":25,"failing":false,"failureDetails":[],"failureMessages":[],"fullName":"【5-1】边界值测试 课程/订单参数边界 价格为 0 → API 允许创建（无价格校验）","invocations":1,"location":null,"numPassingAsserts":1,"retryReasons":[],"startAt":1778074818811,"status":"passed","title":"价格为 0 → API 允许创建（无价格校验）"},{"ancestorTitles":["【5-1】边界值测试","课程/订单参数边界"],"duration":4,"failing":false,"failureDetails":[],"failureMessages":[],"fullName":"【5-1】边界值测试 课程/订单参数边界 课程标题超长（500字）→ API 允许创建（无长度校验）","invocations":1,"location":null,"numPassingAsserts":1,"retryReasons":[],"startAt":1778074818836,"status":"passed","title":"课程标题超长（500字）→ API 允许创建（无长度校验）"},{"ancestorTitles":["【5-1】边界值测试","课程/订单参数边界"],"duration":5,"failing":false,"failureDetails":[],"failureMessages":[],"fullName":"【5-1】边界值测试 课程/订单参数边界 无效课程ID（非数字）→ API 返回 500（路由参数解析问题）","invocations":1,"location":null,"numPassingAsserts":1,"retryReasons":[],"startAt":1778074818840,"status":"passed","title":"无效课程ID（非数字）→ API 返回 500（路由参数解析问题）"},{"ancestorTitles":["【5-1】边界值测试","课程/订单参数边界"],"duration":3,"failing":false,"failureDetails":[],"failureMessages":[],"fullName":"【5-1】边界值测试 课程/订单参数边界 课程ID为0 → 400/404","invocations":1,"location":null,"numPassingAsserts":1,"retryReasons":[],"startAt":1778074818845,"status":"passed","title":"课程ID为0 → 400/404"},{"ancestorTitles":["【5-1】边界值测试","分页参数边界"],"duration":4,"failing":false,"failureDetails":[],"failureMessages":[],"fullName":"【5-1】边界值测试 分页参数边界 page=0 → API 安全处理，返回第一页","invocations":1,"location":null,"numPassingAsserts":1,"retryReasons":[],"startAt":1778074818849,"status":"passed","title":"page=0 → API 安全处理，返回第一页"},{"ancestorTitles":["【5-1】边界值测试","分页参数边界"],"duration":5,"failing":false,"failureDetails":[],"failureMessages":[],"fullName":"【5-1】边界值测试 分页参数边界 page=-1 → API 安全处理，返回第一页","invocations":1,"location":null,"numPassingAsserts":1,"retryReasons":[],"startAt":1778074818853,"status":"passed","title":"page=-1 → API 安全处理，返回第一页"},{"ancestorTitles":["【5-1】边界值测试","分页参数边界"],"duration":6,"failing":false,"failureDetails":[],"failureMessages":[],"fullName":"【5-1】边界值测试 分页参数边界 pageSize=1000（超大）→ 不崩溃，有上限处理","invocations":1,"location":null,"numPassingAsserts":2,"retryReasons":[],"startAt":1778074818858,"status":"passed","title":"pageSize=1000（超大）→ 不崩溃，有上限处理"},{"ancestorTitles":["【5-1】边界值测试","分页参数边界"],"duration":4,"failing":false,"failureDetails":[],"failureMessages":[],"fullName":"【5-1】边界值测试 分页参数边界 pageSize=0 → 不崩溃","invocations":1,"location":null,"numPassingAsserts":2,"retryReasons":[],"startAt":1778074818864,"status":"passed","title":"pageSize=0 → 不崩溃"},{"ancestorTitles":["【5-2】异常流程测试","认证异常"],"duration":3,"failing":false,"failureDetails":[],"failureMessages":[],"fullName":"【5-2】异常流程测试 认证异常 错误 Token → 40101 Token无效","invocations":1,"location":null,"numPassingAsserts":2,"retryReasons":[],"startAt":1778074818868,"status":"passed","title":"错误 Token → 40101 Token无效"},{"ancestorTitles":["【5-2】异常流程测试","认证异常"],"duration":7,"failing":false,"failureDetails":[],"failureMessages":[],"fullName":"【5-2】异常流程测试 认证异常 无 Token 访问需认证接口 → 40100","invocations":1,"location":null,"numPassingAsserts":8,"retryReasons":[],"startAt":1778074818871,"status":"passed","title":"无 Token 访问需认证接口 → 40100"},{"ancestorTitles":["【5-2】异常流程测试","认证异常"],"duration":2,"failing":false,"failureDetails":[],"failureMessages":[],"fullName":"【5-2】异常流程测试 认证异常 已过期的 refreshToken → 40101 或 40102","invocations":1,"location":null,"numPassingAsserts":2,"retryReasons":[],"startAt":1778074818878,"status":"passed","title":"已过期的 refreshToken → 40101 或 40102"},{"ancestorTitles":["【5-2】异常流程测试","认证异常"],"duration":10,"failing":false,"failureDetails":[],"failureMessages":[],"fullName":"【5-2】异常流程测试 认证异常 登出后再用旧Token → 黑名单机制存在缺陷，需后端修复","invocations":1,"location":null,"numPassingAsserts":1,"retryReasons":[],"startAt":1778074818881,"status":"passed","title":"登出后再用旧Token → 黑名单机制存在缺陷，需后端修复"},{"ancestorTitles":["【5-2】异常流程测试","权限异常"],"duration":10,"failing":false,"failureDetails":[],"failureMessages":[],"fullName":"【5-2】异常流程测试 权限异常 普通用户访问管理员接口 → 403","invocations":1,"location":null,"numPassingAsserts":4,"retryReasons":[],"startAt":1778074818891,"status":"passed","title":"普通用户访问管理员接口 → 403"},{"ancestorTitles":["【5-2】异常流程测试","权限异常"],"duration":3,"failing":false,"failureDetails":[],"failureMessages":[],"fullName":"【5-2】异常流程测试 权限异常 普通用户创建课程 → 403","invocations":1,"location":null,"numPassingAsserts":1,"retryReasons":[],"startAt":1778074818901,"status":"passed","title":"普通用户创建课程 → 403"},{"ancestorTitles":["【5-2】异常流程测试","参数缺失"],"duration":2,"failing":false,"failureDetails":[],"failureMessages":[],"fullName":"【5-2】异常流程测试 参数缺失 登录缺少 code 字段 → 400","invocations":1,"location":null,"numPassingAsserts":1,"retryReasons":[],"startAt":1778074818904,"status":"passed","title":"登录缺少 code 字段 → 400"},{"ancestorTitles":["【5-2】异常流程测试","参数缺失"],"duration":4,"failing":false,"failureDetails":[],"failureMessages":[],"fullName":"【5-2】异常流程测试 参数缺失 创建订单缺少 course_id → 400/422","invocations":1,"location":null,"numPassingAsserts":1,"retryReasons":[],"startAt":1778074818906,"status":"passed","title":"创建订单缺少 course_id → 400/422"},{"ancestorTitles":["【5-2】异常流程测试","参数缺失"],"duration":4,"failing":false,"failureDetails":[],"failureMessages":[],"fullName":"【5-2】异常流程测试 参数缺失 创建会话缺少 content → 400/422","invocations":1,"location":null,"numPassingAsserts":1,"retryReasons":[],"startAt":1778074818910,"status":"passed","title":"创建会话缺少 content → 400/422"},{"ancestorTitles":["【5-2】异常流程测试","资源不存在"],"duration":3,"failing":false,"failureDetails":[],"failureMessages":[],"fullName":"【5-2】异常流程测试 资源不存在 访问不存在的课程详情 → 404","invocations":1,"location":null,"numPassingAsserts":1,"retryReasons":[],"startAt":1778074818914,"status":"passed","title":"访问不存在的课程详情 → 404"},{"ancestorTitles":["【5-2】异常流程测试","资源不存在"],"duration":4,"failing":false,"failureDetails":[],"failureMessages":[],"fullName":"【5-2】异常流程测试 资源不存在 访问不存在的用户资料 → 自己的资料返回200","invocations":1,"location":null,"numPassingAsserts":1,"retryReasons":[],"startAt":1778074818917,"status":"passed","title":"访问不存在的用户资料 → 自己的资料返回200"},{"ancestorTitles":["【5-2】异常流程测试","Redis 异常降级"],"duration":5,"failing":false,"failureDetails":[],"failureMessages":[],"fullName":"【5-2】异常流程测试 Redis 异常降级 正常情况下登录成功 → 200","invocations":1,"location":null,"numPassingAsserts":1,"retryReasons":[],"startAt":1778074818921,"status":"passed","title":"正常情况下登录成功 → 200"},{"ancestorTitles":["【5-2】异常流程测试","并发重复下单"],"duration":36,"failing":false,"failureDetails":[],"failureMessages":[],"fullName":"【5-2】异常流程测试 并发重复下单 同一课程并发创建多个订单 → 幂等性验证","invocations":1,"location":null,"numPassingAsserts":1,"retryReasons":[],"startAt":1778074818926,"status":"passed","title":"同一课程并发创建多个订单 → 幂等性验证"},{"ancestorTitles":["【5-3】负向用例测试","认证校验"],"duration":3,"failing":false,"failureDetails":[],"failureMessages":[],"fullName":"【5-3】负向用例测试 认证校验 Token 格式错误（无 Bearer 前缀）→ 40100","invocations":1,"location":null,"numPassingAsserts":1,"retryReasons":[],"startAt":1778074818962,"status":"passed","title":"Token 格式错误（无 Bearer 前缀）→ 40100"},{"ancestorTitles":["【5-3】负向用例测试","认证校验"],"duration":2,"failing":false,"failureDetails":[],"failureMessages":[],"fullName":"【5-3】负向用例测试 认证校验 Bearer 空格 Token → 40101","invocations":1,"location":null,"numPassingAsserts":1,"retryReasons":[],"startAt":1778074818965,"status":"passed","title":"Bearer 空格 Token → 40101"},{"ancestorTitles":["【5-3】负向用例测试","认证校验"],"duration":2,"failing":false,"failureDetails":[],"failureMessages":[],"fullName":"【5-3】负向用例测试 认证校验 Authorization header 完全缺失 → 40100","invocations":1,"location":null,"numPassingAsserts":2,"retryReasons":[],"startAt":1778074818967,"status":"passed","title":"Authorization header 完全缺失 → 40100"},{"ancestorTitles":["【5-3】负向用例测试","业务错误码验证"],"duration":66,"failing":false,"failureDetails":[],"failureMessages":[],"fullName":"【5-3】负向用例测试 业务错误码验证 订单重复购买 → 40001 ALREADY_PURCHASED","invocations":1,"location":null,"numPassingAsserts":0,"retryReasons":[],"startAt":1778074818969,"status":"passed","title":"订单重复购买 → 40001 ALREADY_PURCHASED"},{"ancestorTitles":["【5-3】负向用例测试","业务错误码验证"],"duration":3,"failing":false,"failureDetails":[],"failureMessages":[],"fullName":"【5-3】负向用例测试 业务错误码验证 刷新 Token 时 body 为空 → 400","invocations":1,"location":null,"numPassingAsserts":1,"retryReasons":[],"startAt":1778074819035,"status":"passed","title":"刷新 Token 时 body 为空 → 400"},{"ancestorTitles":["【5-3】负向用例测试","业务错误码验证"],"duration":6,"failing":false,"failureDetails":[],"failureMessages":[],"fullName":"【5-3】负向用例测试 业务错误码验证 访问不存在的通知ID → API 将其视为新通知（无校验）","invocations":1,"location":null,"numPassingAsserts":1,"retryReasons":[],"startAt":1778074819038,"status":"passed","title":"访问不存在的通知ID → API 将其视为新通知（无校验）"},{"ancestorTitles":["【5-3】负向用例测试","业务错误码验证"],"duration":4,"failing":false,"failureDetails":[],"failureMessages":[],"fullName":"【5-3】负向用例测试 业务错误码验证 订单列表 page 越界 → 返回空列表不崩溃","invocations":1,"location":null,"numPassingAsserts":2,"retryReasons":[],"startAt":1778074819044,"status":"passed","title":"订单列表 page 越界 → 返回空列表不崩溃"},{"ancestorTitles":["【5-3】负向用例测试","管理后台负向"],"duration":3,"failing":false,"failureDetails":[],"failureMessages":[],"fullName":"【5-3】负向用例测试 管理后台负向 普通用户访问管理员列表 → 403","invocations":1,"location":null,"numPassingAsserts":1,"retryReasons":[],"startAt":1778074819048,"status":"passed","title":"普通用户访问管理员列表 → 403"},{"ancestorTitles":["【5-3】负向用例测试","管理后台负向"],"duration":4,"failing":false,"failureDetails":[],"failureMessages":[],"fullName":"【5-3】负向用例测试 管理后台负向 管理员删除不存在的课程 → API 返回 404（资源不存在）","invocations":1,"location":null,"numPassingAsserts":1,"retryReasons":[],"startAt":1778074819051,"status":"passed","title":"管理员删除不存在的课程 → API 返回 404（资源不存在）"},{"ancestorTitles":["【5-3】负向用例测试","输入类型校验"],"duration":2,"failing":false,"failureDetails":[],"failureMessages":[],"fullName":"【5-3】负向用例测试 输入类型校验 登录 body 类型错误（number instead of string）→ API 崩溃返回 500","invocations":1,"location":null,"numPassingAsserts":1,"retryReasons":[],"startAt":1778074819055,"status":"passed","title":"登录 body 类型错误（number instead of string）→ API 崩溃返回 500"},{"ancestorTitles":["【5-3】负向用例测试","输入类型校验"],"duration":21,"failing":false,"failureDetails":[],"failureMessages":[],"fullName":"【5-3】负向用例测试 输入类型校验 订单 paymentMethod 传入非枚举值 → 不崩溃","invocations":1,"location":null,"numPassingAsserts":2,"retryReasons":[],"startAt":1778074819057,"status":"passed","title":"订单 paymentMethod 传入非枚举值 → 不崩溃"}],"endTime":1778074819080,"message":"","name":"/mnt/d/软件项目/Videos/course-distribute/backend/tests/edge-cases.test.js","startTime":1778074813249,"status":"passed","summary":""},{"assertionResults":[{"ancestorTitles":["业务模块","课程模块"],"duration":4,"failing":false,"failureDetails":[],"failureMessages":[],"fullName":"业务模块 课程模块 GET /course/list - 获取课程列表（公开）","invocations":1,"location":null,"numPassingAsserts":4,"retryReasons":[],"startAt":1778074819403,"status":"passed","title":"GET /course/list - 获取课程列表（公开）"},{"ancestorTitles":["业务模块","课程模块"],"duration":3,"failing":false,"failureDetails":[],"failureMessages":[],"fullName":"业务模块 课程模块 GET /course/categories - 获取分类列表（公开）","invocations":1,"location":null,"numPassingAsserts":3,"retryReasons":[],"startAt":1778074819407,"status":"passed","title":"GET /course/categories - 获取分类列表（公开）"},{"ancestorTitles":["业务模块","课程模块"],"duration":4,"failing":false,"failureDetails":[],"failureMessages":[],"fullName":"业务模块 课程模块 GET /course/detail/:id - 获取课程详情（公开）","invocations":1,"location":null,"numPassingAsserts":4,"retryReasons":[],"startAt":1778074819410,"status":"passed","title":"GET /course/detail/:id - 获取课程详情（公开）"},{"ancestorTitles":["业务模块","课程模块"],"duration":3,"failing":false,"failureDetails":[],"failureMessages":[],"fullName":"业务模块 课程模块 POST /course/create - 认证用户创建课程（需分销权限）","invocations":1,"location":null,"numPassingAsserts":1,"retryReasons":[],"startAt":1778074819414,"status":"passed","title":"POST /course/create - 认证用户创建课程（需分销权限）"},{"ancestorTitles":["业务模块","课程模块"],"duration":4,"failing":false,"failureDetails":[],"failureMessages":[],"fullName":"业务模块 课程模块 GET /admin/course/list - 管理员获取课程列表","invocations":1,"location":null,"numPassingAsserts":4,"retryReasons":[],"startAt":1778074819417,"status":"passed","title":"GET /admin/course/list - 管理员获取课程列表"},{"ancestorTitles":["业务模块","课程模块"],"duration":17,"failing":false,"failureDetails":[],"failureMessages":[],"fullName":"业务模块 课程模块 POST /admin/course/create - 管理员创建课程","invocations":1,"location":null,"numPassingAsserts":3,"retryReasons":[],"startAt":1778074819421,"status":"passed","title":"POST /admin/course/create - 管理员创建课程"},{"ancestorTitles":["业务模块","订单模块"],"duration":16,"failing":false,"failureDetails":[],"failureMessages":[],"fullName":"业务模块 订单模块 POST /order/create - 创建订单","invocations":1,"location":null,"numPassingAsserts":3,"retryReasons":[],"startAt":1778074819438,"status":"passed","title":"POST /order/create - 创建订单"},{"ancestorTitles":["业务模块","订单模块"],"duration":4,"failing":false,"failureDetails":[],"failureMessages":[],"fullName":"业务模块 订单模块 POST /order/create - 无效课程ID返回错误","invocations":1,"location":null,"numPassingAsserts":1,"retryReasons":[],"startAt":1778074819455,"status":"passed","title":"POST /order/create - 无效课程ID返回错误"},{"ancestorTitles":["业务模块","订单模块"],"duration":5,"failing":false,"failureDetails":[],"failureMessages":[],"fullName":"业务模块 订单模块 GET /order/my - 获取当前用户订单列表","invocations":1,"location":null,"numPassingAsserts":4,"retryReasons":[],"startAt":1778074819459,"status":"passed","title":"GET /order/my - 获取当前用户订单列表"},{"ancestorTitles":["业务模块","订单模块"],"duration":4,"failing":false,"failureDetails":[],"failureMessages":[],"fullName":"业务模块 订单模块 GET /order/list - 管理员获取订单列表","invocations":1,"location":null,"numPassingAsserts":2,"retryReasons":[],"startAt":1778074819464,"status":"passed","title":"GET /order/list - 管理员获取订单列表"},{"ancestorTitles":["业务模块","佣金模块"],"duration":4,"failing":false,"failureDetails":[],"failureMessages":[],"fullName":"业务模块 佣金模块 GET /commission/list - 获取佣金记录","invocations":1,"location":null,"numPassingAsserts":3,"retryReasons":[],"startAt":1778074819468,"status":"passed","title":"GET /commission/list - 获取佣金记录"},{"ancestorTitles":["业务模块","佣金模块"],"duration":5,"failing":false,"failureDetails":[],"failureMessages":[],"fullName":"业务模块 佣金模块 GET /commission/stats - 获取佣金汇总","invocations":1,"location":null,"numPassingAsserts":4,"retryReasons":[],"startAt":1778074819472,"status":"passed","title":"GET /commission/stats - 获取佣金汇总"},{"ancestorTitles":["业务模块","团队模块"],"duration":4,"failing":false,"failureDetails":[],"failureMessages":[],"fullName":"业务模块 团队模块 GET /team/overview - 获取团队信息","invocations":1,"location":null,"numPassingAsserts":3,"retryReasons":[],"startAt":1778074819477,"status":"passed","title":"GET /team/overview - 获取团队信息"},{"ancestorTitles":["业务模块","团队模块"],"duration":5,"failing":false,"failureDetails":[],"failureMessages":[],"fullName":"业务模块 团队模块 GET /team/tree - 获取团队成员列表","invocations":1,"location":null,"numPassingAsserts":3,"retryReasons":[],"startAt":1778074819481,"status":"passed","title":"GET /team/tree - 获取团队成员列表"},{"ancestorTitles":["业务模块","客服模块"],"duration":5,"failing":false,"failureDetails":[],"failureMessages":[],"fullName":"业务模块 客服模块 GET /service/conversations - 获取会话列表","invocations":1,"location":null,"numPassingAsserts":3,"retryReasons":[],"startAt":1778074819486,"status":"passed","title":"GET /service/conversations - 获取会话列表"},{"ancestorTitles":["业务模块","客服模块"],"duration":4,"failing":false,"failureDetails":[],"failureMessages":[],"fullName":"业务模块 客服模块 POST /service/conversations - 创建会话/提交反馈","invocations":1,"location":null,"numPassingAsserts":2,"retryReasons":[],"startAt":1778074819491,"status":"passed","title":"POST /service/conversations - 创建会话/提交反馈"},{"ancestorTitles":["业务模块","通知模块"],"duration":4,"failing":false,"failureDetails":[],"failureMessages":[],"fullName":"业务模块 通知模块 GET /notifications - 获取通知列表","invocations":1,"location":null,"numPassingAsserts":4,"retryReasons":[],"startAt":1778074819495,"status":"passed","title":"GET /notifications - 获取通知列表"},{"ancestorTitles":["业务模块","通知模块"],"duration":4,"failing":false,"failureDetails":[],"failureMessages":[],"fullName":"业务模块 通知模块 PUT /notifications/:id/read - 标记单条通知已读","invocations":1,"location":null,"numPassingAsserts":0,"retryReasons":[],"startAt":1778074819499,"status":"passed","title":"PUT /notifications/:id/read - 标记单条通知已读"},{"ancestorTitles":["业务模块","通知模块"],"duration":3,"failing":false,"failureDetails":[],"failureMessages":[],"fullName":"业务模块 通知模块 PUT /notifications/read-all - 全部标记已读","invocations":1,"location":null,"numPassingAsserts":2,"retryReasons":[],"startAt":1778074819503,"status":"passed","title":"PUT /notifications/read-all - 全部标记已读"},{"ancestorTitles":["业务模块","通知模块"],"duration":4,"failing":false,"failureDetails":[],"failureMessages":[],"fullName":"业务模块 通知模块 GET /notifications/unread-count - 获取未读数量","invocations":1,"location":null,"numPassingAsserts":3,"retryReasons":[],"startAt":1778074819506,"status":"passed","title":"GET /notifications/unread-count - 获取未读数量"},{"ancestorTitles":["业务模块","管理后台"],"duration":4,"failing":false,"failureDetails":[],"failureMessages":[],"fullName":"业务模块 管理后台 GET /admin/user/stats - 用户统计","invocations":1,"location":null,"numPassingAsserts":3,"retryReasons":[],"startAt":1778074819510,"status":"passed","title":"GET /admin/user/stats - 用户统计"},{"ancestorTitles":["业务模块","管理后台"],"duration":4,"failing":false,"failureDetails":[],"failureMessages":[],"fullName":"业务模块 管理后台 GET /admin/user/list - 用户列表","invocations":1,"location":null,"numPassingAsserts":2,"retryReasons":[],"startAt":1778074819514,"status":"passed","title":"GET /admin/user/list - 用户列表"},{"ancestorTitles":["业务模块","管理后台"],"duration":4,"failing":false,"failureDetails":[],"failureMessages":[],"fullName":"业务模块 管理后台 GET /admin/order/list - 订单列表","invocations":1,"location":null,"numPassingAsserts":2,"retryReasons":[],"startAt":1778074819518,"status":"passed","title":"GET /admin/order/list - 订单列表"},{"ancestorTitles":["业务模块","管理后台"],"duration":4,"failing":false,"failureDetails":[],"failureMessages":[],"fullName":"业务模块 管理后台 GET /admin/agent/pending - 待审核分销商","invocations":1,"location":null,"numPassingAsserts":4,"retryReasons":[],"startAt":1778074819522,"status":"passed","title":"GET /admin/agent/pending - 待审核分销商"},{"ancestorTitles":["业务模块","用户模块"],"duration":3,"failing":false,"failureDetails":[],"failureMessages":[],"fullName":"业务模块 用户模块 GET /user/profile - 获取个人资料","invocations":1,"location":null,"numPassingAsserts":3,"retryReasons":[],"startAt":1778074819527,"status":"passed","title":"GET /user/profile - 获取个人资料"},{"ancestorTitles":["业务模块","用户模块"],"duration":16,"failing":false,"failureDetails":[],"failureMessages":[],"fullName":"业务模块 用户模块 PUT /user/profile - 更新个人资料","invocations":1,"location":null,"numPassingAsserts":2,"retryReasons":[],"startAt":1778074819530,"status":"passed","title":"PUT /user/profile - 更新个人资料"},{"ancestorTitles":["业务模块","健康检查"],"duration":2,"failing":false,"failureDetails":[],"failureMessages":[],"fullName":"业务模块 健康检查 GET /health - 服务健康状态","invocations":1,"location":null,"numPassingAsserts":4,"retryReasons":[],"startAt":1778074819547,"status":"passed","title":"GET /health - 服务健康状态"}],"endTime":1778074819550,"message":"","name":"/mnt/d/软件项目/Videos/course-distribute/backend/tests/business.test.js","startTime":1778074819118,"status":"passed","summary":""},{"assertionResults":[{"ancestorTitles":["认证模块","POST /auth/login"],"duration":0,"failing":false,"failureDetails":[],"failureMessages":[],"fullName":"认证模块 POST /auth/login 普通用户登录成功","invocations":1,"location":null,"numPassingAsserts":1,"retryReasons":[],"startAt":1778074819951,"status":"passed","title":"普通用户登录成功"},{"ancestorTitles":["认证模块","POST /auth/login"],"duration":1,"failing":false,"failureDetails":[],"failureMessages":[],"fullName":"认证模块 POST /auth/login 管理员登录成功","invocations":1,"location":null,"numPassingAsserts":1,"retryReasons":[],"startAt":1778074819951,"status":"passed","title":"管理员登录成功"},{"ancestorTitles":["认证模块","POST /auth/login"],"duration":2,"failing":false,"failureDetails":[],"failureMessages":[],"fullName":"认证模块 POST /auth/login 无code参数返回400或429","invocations":1,"location":null,"numPassingAsserts":1,"retryReasons":[],"startAt":1778074819952,"status":"passed","title":"无code参数返回400或429"},{"ancestorTitles":["认证模块","GET /auth/userinfo"],"duration":3,"failing":false,"failureDetails":[],"failureMessages":[],"fullName":"认证模块 GET /auth/userinfo 有效Token获取用户信息成功","invocations":1,"location":null,"numPassingAsserts":3,"retryReasons":[],"startAt":1778074819954,"status":"passed","title":"有效Token获取用户信息成功"},{"ancestorTitles":["认证模块","GET /auth/userinfo"],"duration":3,"failing":false,"failureDetails":[],"failureMessages":[],"fullName":"认证模块 GET /auth/userinfo 无效Token返回401","invocations":1,"location":null,"numPassingAsserts":2,"retryReasons":[],"startAt":1778074819957,"status":"passed","title":"无效Token返回401"},{"ancestorTitles":["认证模块","GET /auth/userinfo"],"duration":2,"failing":false,"failureDetails":[],"failureMessages":[],"fullName":"认证模块 GET /auth/userinfo 无Token返回401","invocations":1,"location":null,"numPassingAsserts":2,"retryReasons":[],"startAt":1778074819960,"status":"passed","title":"无Token返回401"},{"ancestorTitles":["认证模块","POST /auth/logout"],"duration":6,"failing":false,"failureDetails":[],"failureMessages":[],"fullName":"认证模块 POST /auth/logout 登出后Token失效（黑名单生效）","invocations":1,"location":null,"numPassingAsserts":4,"retryReasons":[],"startAt":1778074819962,"status":"passed","title":"登出后Token失效（黑名单生效）"},{"ancestorTitles":["认证模块","POST /auth/refresh"],"duration":11,"failing":false,"failureDetails":[],"failureMessages":[],"fullName":"认证模块 POST /auth/refresh 刷新Token后获得新Token","invocations":1,"location":null,"numPassingAsserts":5,"retryReasons":[],"startAt":1778074819968,"status":"passed","title":"刷新Token后获得新Token"},{"ancestorTitles":["认证模块","POST /auth/refresh"],"duration":2,"failing":false,"failureDetails":[],"failureMessages":[],"fullName":"认证模块 POST /auth/refresh 无效refreshToken返回401","invocations":1,"location":null,"numPassingAsserts":2,"retryReasons":[],"startAt":1778074819979,"status":"passed","title":"无效refreshToken返回401"}],"endTime":1778074819983,"message":"","name":"/mnt/d/软件项目/Videos/course-distribute/backend/tests/auth.test.js","startTime":1778074819562,"status":"passed","summary":""}],"wasInterrupted":false}
